# JRE version: OpenJDK Runtime Environment Temurin-17.0.12+7 (17.0.12+7) (build 17.0.12+7)
# Java VM: OpenJDK 64-Bit Server VM Temurin-17.0.12+7 (17.0.12+7, mixed mode, emulated-client, tiered, compressed oops, compressed class ptrs, g1 gc, windows-amd64)
GC Precious Log:
 CPUs: 8 total, 8 available
 Memory: 7987M
 Large Page Support: Disabled
 NUMA Support: Disabled
 Compressed Oops: Enabled (32-bit)
 Heap Region Size: 1M
 Heap Min Capacity: 8M
 Heap Initial Capacity: 126M
 Heap Max Capacity: 1G
 Pre-touch: Disabled
 Parallel Workers: 8
 Concurrent Workers: 2
 Concurrent Refinement Workers: 8
 Periodic GC: Disabled
Heap:
 garbage-first heap   total 130048K, used 45666K [0x00000000c0000000, 0x0000000100000000)
  region size 1024K, 1 young (1024K), 0 survivors (0K)
 Metaspace       used 64170K, committed 64640K, reserved 1114112K
  class space    used 7927K, committed 8128K, reserved 1048576K
GC Heap History (20 events):
Event: 90152.412 GC heap after
{Heap after GC invocations=1538 (full 1468):
 garbage-first heap   total 130048K, used 45666K [0x00000000c0000000, 0x0000000100000000)
  region size 1024K, 0 young (0K), 0 survivors (0K)
 Metaspace       used 64170K, committed 64640K, reserved 1114112K
  class space    used 7927K, committed 8128K, reserved 1048576K
}
Event: 90162.691 GC heap before
{Heap before GC invocations=1538 (full 1468):
 garbage-first heap   total 130048K, used 45666K [0x00000000c0000000, 0x0000000100000000)
  region size 1024K, 1 young (1024K), 0 survivors (0K)
 Metaspace       used 64170K, committed 64640K, reserved 1114112K
  class space    used 7927K, committed 8128K, reserved 1048576K
}
Event: 90162.735 GC heap after
{Heap after GC invocations=1539 (full 1469):
 garbage-first heap   total 130048K, used 45666K [0x00000000c0000000, 0x0000000100000000)
  region size 1024K, 0 young (0K), 0 survivors (0K)
 Metaspace       used 64170K, committed 64640K, reserved 1114112K
  class space    used 7927K, committed 8128K, reserved 1048576K
}
Event: 90173.154 GC heap before
{Heap before GC invocations=1539 (full 1469):
 garbage-first heap   total 130048K, used 45666K [0x00000000c0000000, 0x0000000100000000)
  region size 1024K, 1 young (1024K), 0 survivors (0K)
 Metaspace       used 64170K, committed 64640K, reserved 1114112K
  class space    used 7927K, committed 8128K, reserved 1048576K
}
Event: 90173.202 GC heap after
{Heap after GC invocations=1540 (full 1470):
 garbage-first heap   total 130048K, used 45666K [0x00000000c0000000, 0x0000000100000000)
  region size 1024K, 0 young (0K), 0 survivors (0K)
 Metaspace       used 64170K, committed 64640K, reserved 1114112K
  class space    used 7927K, committed 8128K, reserved 1048576K
}
Event: 90183.521 GC heap before
{Heap before GC invocations=1540 (full 1470):
 garbage-first heap   total 130048K, used 45666K [0x00000000c0000000, 0x0000000100000000)
  region size 1024K, 1 young (1024K), 0 survivors (0K)
 Metaspace       used 64170K, committed 64640K, reserved 1114112K
  class space    used 7927K, committed 8128K, reserved 1048576K
}
Event: 90183.559 GC heap after
{Heap after GC invocations=1541 (full 1471):
 garbage-first heap   total 130048K, used 45666K [0x00000000c0000000, 0x0000000100000000)
  region size 1024K, 0 young (0K), 0 survivors (0K)
 Metaspace       used 64170K, committed 64640K, reserved 1114112K
  class space    used 7927K, committed 8128K, reserved 1048576K
}
Event: 90193.861 GC heap before
{Heap before GC invocations=1541 (full 1471):
 garbage-first heap   total 130048K, used 45666K [0x00000000c0000000, 0x0000000100000000)
  region size 1024K, 1 young (1024K), 0 survivors (0K)
 Metaspace       used 64170K, committed 64640K, reserved 1114112K
  class space    used 7927K, committed 8128K, reserved 1048576K
}
Event: 90193.896 GC heap after
{Heap after GC invocations=1542 (full 1472):
 garbage-first heap   total 130048K, used 45666K [0x00000000c0000000, 0x0000000100000000)
  region size 1024K, 0 young (0K), 0 survivors (0K)
 Metaspace       used 64170K, committed 64640K, reserved 1114112K
  class space    used 7927K, committed 8128K, reserved 1048576K
}
Event: 90204.183 GC heap before
{Heap before GC invocations=1542 (full 1472):
 garbage-first heap   total 130048K, used 45666K [0x00000000c0000000, 0x0000000100000000)
  region size 1024K, 1 young (1024K), 0 survivors (0K)
 Metaspace       used 64170K, committed 64640K, reserved 1114112K
  class space    used 7927K, committed 8128K, reserved 1048576K
}
Event: 90204.218 GC heap after
{Heap after GC invocations=1543 (full 1473):
 garbage-first heap   total 130048K, used 45666K [0x00000000c0000000, 0x0000000100000000)
  region size 1024K, 0 young (0K), 0 survivors (0K)
 Metaspace       used 64170K, committed 64640K, reserved 1114112K
  class space    used 7927K, committed 8128K, reserved 1048576K
}
Event: 90215.092 GC heap before
{Heap before GC invocations=1543 (full 1473):
 garbage-first heap   total 130048K, used 45666K [0x00000000c0000000, 0x0000000100000000)
  region size 1024K, 1 young (1024K), 0 survivors (0K)
 Metaspace       used 64170K, committed 64640K, reserved 1114112K
  class space    used 7927K, committed 8128K, reserved 1048576K
}
Event: 90215.128 GC heap after
{Heap after GC invocations=1544 (full 1474):
 garbage-first heap   total 130048K, used 45666K [0x00000000c0000000, 0x0000000100000000)
  region size 1024K, 0 young (0K), 0 survivors (0K)
 Metaspace       used 64170K, committed 64640K, reserved 1114112K
  class space    used 7927K, committed 8128K, reserved 1048576K
}
Event: 90225.631 GC heap before
{Heap before GC invocations=1544 (full 1474):
 garbage-first heap   total 130048K, used 45666K [0x00000000c0000000, 0x0000000100000000)
  region size 1024K, 1 young (1024K), 0 survivors (0K)
 Metaspace       used 64170K, committed 64640K, reserved 1114112K
  class space    used 7927K, committed 8128K, reserved 1048576K
}
Event: 90225.668 GC heap after
{Heap after GC invocations=1545 (full 1475):
 garbage-first heap   total 130048K, used 45666K [0x00000000c0000000, 0x0000000100000000)
  region size 1024K, 0 young (0K), 0 survivors (0K)
 Metaspace       used 64170K, committed 64640K, reserved 1114112K
  class space    used 7927K, committed 8128K, reserved 1048576K
}
Event: 90235.950 GC heap before
{Heap before GC invocations=1545 (full 1475):
 garbage-first heap   total 130048K, used 45666K [0x00000000c0000000, 0x0000000100000000)
  region size 1024K, 1 young (1024K), 0 survivors (0K)
 Metaspace       used 64170K, committed 64640K, reserved 1114112K
  class space    used 7927K, committed 8128K, reserved 1048576K
}
Event: 90235.982 GC heap after
{Heap after GC invocations=1546 (full 1476):
 garbage-first heap   total 130048K, used 45666K [0x00000000c0000000, 0x0000000100000000)
  region size 1024K, 0 young (0K), 0 survivors (0K)
 Metaspace       used 64170K, committed 64640K, reserved 1114112K
  class space    used 7927K, committed 8128K, reserved 1048576K
}
Event: 90246.252 GC heap before
{Heap before GC invocations=1546 (full 1476):
 garbage-first heap   total 130048K, used 45666K [0x00000000c0000000, 0x0000000100000000)
  region size 1024K, 1 young (1024K), 0 survivors (0K)
 Metaspace       used 64170K, committed 64640K, reserved 1114112K
  class space    used 7927K, committed 8128K, reserved 1048576K
}
Event: 90246.284 GC heap after
{Heap after GC invocations=1547 (full 1477):
 garbage-first heap   total 130048K, used 45666K [0x00000000c0000000, 0x0000000100000000)
  region size 1024K, 0 young (0K), 0 survivors (0K)
 Metaspace       used 64170K, committed 64640K, reserved 1114112K
  class space    used 7927K, committed 8128K, reserved 1048576K
}
Event: 90256.355 GC heap before
{Heap before GC invocations=1547 (full 1477):
 garbage-first heap   total 130048K, used 45666K [0x00000000c0000000, 0x0000000100000000)
  region size 1024K, 1 young (1024K), 0 survivors (0K)
 Metaspace       used 64170K, committed 64640K, reserved 1114112K
  class space    used 7927K, committed 8128K, reserved 1048576K
}

